search_server.cpp(15,19): warning : illegal character encoding in string literal [-Winvalid-source-encoding]
search_server.cpp(19,19): warning : illegal character encoding in string literal [-Winvalid-source-encoding]
search_server.cpp(155,23): warning : illegal character encoding in string literal [-Winvalid-source-encoding]
search_server.cpp(161,19): warning : illegal character encoding in string literal [-Winvalid-source-encoding]
search_server.cpp(171,23): warning : illegal character encoding in string literal [-Winvalid-source-encoding]
search_server.cpp(179,23): warning : illegal character encoding in string literal [-Winvalid-source-encoding]
search_server.cpp(192,23): warning : illegal character encoding in string literal [-Winvalid-source-encoding]
  In file included from search_server.cpp:1:
./search_server.h(113,47): warning : illegal character encoding in string literal [-Winvalid-source-encoding]
./search_server.h(117,47): warning : illegal character encoding in string literal [-Winvalid-source-encoding]
./search_server.h(117,119): warning : illegal character encoding in string literal [-Winvalid-source-encoding]
./search_server.h(123,43): warning : illegal character encoding in string literal [-Winvalid-source-encoding]
test_example_functions.cpp(59,46): warning : illegal character encoding in string literal [-Winvalid-source-encoding]
./test_example_functions.h(14,108): message : expanded from macro 'ASSERT_EQUAL_HINT'
test_example_functions.cpp(63,37): warning : illegal character encoding in string literal [-Winvalid-source-encoding]
./test_example_functions.h(16,96): message : expanded from macro 'ASSERT_HINT'
test_example_functions.cpp(69,30): warning : illegal character encoding in string literal [-Winvalid-source-encoding]
./test_example_functions.h(16,96): message : expanded from macro 'ASSERT_HINT'
test_example_functions.cpp(78,30): warning : illegal character encoding in string literal [-Winvalid-source-encoding]
./test_example_functions.h(16,96): message : expanded from macro 'ASSERT_HINT'
test_example_functions.cpp(150,30): warning : illegal character encoding in string literal [-Winvalid-source-encoding]
./test_example_functions.h(16,96): message : expanded from macro 'ASSERT_HINT'
test_example_functions.cpp(159,30): warning : illegal character encoding in string literal [-Winvalid-source-encoding]
./test_example_functions.h(16,96): message : expanded from macro 'ASSERT_HINT'
test_example_functions.cpp(168,30): warning : illegal character encoding in string literal [-Winvalid-source-encoding]
./test_example_functions.h(16,96): message : expanded from macro 'ASSERT_HINT'
test_example_functions.cpp(180,30): warning : illegal character encoding in string literal [-Winvalid-source-encoding]
./test_example_functions.h(16,96): message : expanded from macro 'ASSERT_HINT'
test_example_functions.cpp(199,71): warning : illegal character encoding in string literal [-Winvalid-source-encoding]
./test_example_functions.h(16,96): message : expanded from macro 'ASSERT_HINT'
test_example_functions.cpp(253,30): warning : illegal character encoding in string literal [-Winvalid-source-encoding]
./test_example_functions.h(16,96): message : expanded from macro 'ASSERT_HINT'
test_example_functions.cpp(262,30): warning : illegal character encoding in string literal [-Winvalid-source-encoding]
./test_example_functions.h(16,96): message : expanded from macro 'ASSERT_HINT'
test_example_functions.cpp(271,30): warning : illegal character encoding in string literal [-Winvalid-source-encoding]
./test_example_functions.h(16,96): message : expanded from macro 'ASSERT_HINT'
test_example_functions.cpp(403,71): warning : illegal character encoding in string literal [-Winvalid-source-encoding]
./test_example_functions.h(16,96): message : expanded from macro 'ASSERT_HINT'
test_example_functions.cpp(434,57): warning : illegal character encoding in string literal [-Winvalid-source-encoding]
./test_example_functions.h(14,108): message : expanded from macro 'ASSERT_EQUAL_HINT'
test_example_functions.cpp(440,65): warning : illegal character encoding in string literal [-Winvalid-source-encoding]
./test_example_functions.h(14,108): message : expanded from macro 'ASSERT_EQUAL_HINT'
test_example_functions.cpp(446,71): warning : illegal character encoding in string literal [-Winvalid-source-encoding]
./test_example_functions.h(14,108): message : expanded from macro 'ASSERT_EQUAL_HINT'
test_example_functions.cpp(460,57): warning : illegal character encoding in string literal [-Winvalid-source-encoding]
./test_example_functions.h(14,108): message : expanded from macro 'ASSERT_EQUAL_HINT'
test_example_functions.cpp(466,65): warning : illegal character encoding in string literal [-Winvalid-source-encoding]
./test_example_functions.h(14,108): message : expanded from macro 'ASSERT_EQUAL_HINT'
test_example_functions.cpp(472,71): warning : illegal character encoding in string literal [-Winvalid-source-encoding]
./test_example_functions.h(14,108): message : expanded from macro 'ASSERT_EQUAL_HINT'
test_example_functions.cpp(483,34): warning : illegal character encoding in string literal [-Winvalid-source-encoding]
./test_example_functions.h(16,96): message : expanded from macro 'ASSERT_HINT'
test_example_functions.cpp(494,34): warning : illegal character encoding in string literal [-Winvalid-source-encoding]
./test_example_functions.h(16,96): message : expanded from macro 'ASSERT_HINT'
test_example_functions.cpp(505,34): warning : illegal character encoding in string literal [-Winvalid-source-encoding]
./test_example_functions.h(16,96): message : expanded from macro 'ASSERT_HINT'
test_example_functions.cpp(516,34): warning : illegal character encoding in string literal [-Winvalid-source-encoding]
./test_example_functions.h(16,96): message : expanded from macro 'ASSERT_HINT'
test_example_functions.cpp(530,34): warning : illegal character encoding in string literal [-Winvalid-source-encoding]
./test_example_functions.h(16,96): message : expanded from macro 'ASSERT_HINT'
test_example_functions.cpp(541,34): warning : illegal character encoding in string literal [-Winvalid-source-encoding]
./test_example_functions.h(16,96): message : expanded from macro 'ASSERT_HINT'
test_example_functions.cpp(556,30): warning : illegal character encoding in string literal [-Winvalid-source-encoding]
./test_example_functions.h(16,96): message : expanded from macro 'ASSERT_HINT'
test_example_functions.cpp(565,30): warning : illegal character encoding in string literal [-Winvalid-source-encoding]
./test_example_functions.h(16,96): message : expanded from macro 'ASSERT_HINT'
test_example_functions.cpp(574,30): warning : illegal character encoding in string literal [-Winvalid-source-encoding]
./test_example_functions.h(16,96): message : expanded from macro 'ASSERT_HINT'
test_example_functions.cpp(586,30): warning : illegal character encoding in string literal [-Winvalid-source-encoding]
./test_example_functions.h(16,96): message : expanded from macro 'ASSERT_HINT'
  SearchServerDevelop.vcxproj -> C:\Users\gurya\Documents\GitHub\cpp-search-server\SearchServerDevelop\x64\Debug\SearchServerDevelop.exe
